<?xml version="1.0" encoding="UTF-8"?>
<!-- Generated by org.testng.reporters.JUnitReportReporter -->
<testsuite hostname="MSI" failures="0" tests="2" name="com.bhaane.tests.LoginTest" time="11.600" errors="0" timestamp="2025-02-28T22:08:38 IST" skipped="0">
  <testcase classname="com.bhaane.tests.LoginTest" name="testInvalidLogin" time="3.516"/>
  <system-out/>
  <testcase classname="com.bhaane.tests.LoginTest" name="testValidLogin" time="8.084"/>
  <system-out/>
</testsuite> <!-- com.bhaane.tests.LoginTest -->
