<?xml version="1.0" encoding="UTF-8"?>
<!-- Generated by org.testng.reporters.JUnitReportReporter -->
<testsuite hostname="MSI" failures="0" tests="4" name="storeAPP.EStoreApp" time="11.142" errors="0" timestamp="2025-03-12T10:24:34 IST" skipped="0">
  <testcase classname="storeAPP.EStoreApp" name="Login" time="0.285"/>
  <system-out/>
  <testcase classname="storeAPP.EStoreApp" name="regressionTestSearch" time="0.164"/>
  <system-out/>
  <testcase classname="storeAPP.EStoreApp" name="AddToCart" time="0.245"/>
  <system-out/>
  <testcase classname="storeAPP.EStoreApp" name="checkout" time="10.448"/>
  <system-out/>
</testsuite> <!-- storeAPP.EStoreApp -->
