<?xml version="1.0" encoding="UTF-8"?>
<!-- Generated by org.testng.reporters.JUnitReportReporter -->
<testsuite hostname="MSI" failures="0" tests="1" name="com.bhaane.tests.SignupTest" time="4.985" errors="0" timestamp="2025-03-02T23:16:21 IST" skipped="0">
  <testcase classname="com.bhaane.tests.SignupTest" name="testSignup" time="4.985"/>
  <system-out/>
</testsuite> <!-- com.bhaane.tests.SignupTest -->
