<?xml version="1.0" encoding="UTF-8"?>
<!-- Generated by org.testng.reporters.JUnitReportReporter -->
<testsuite hostname="MSI" failures="0" tests="2" name="com.bhaane.base.BaseTest" time="8.347" errors="0" timestamp="2025-02-27T18:40:04 IST" skipped="0">
  <testcase classname="com.bhaane.base.BaseTest" name="tearDown" time="0.208"/>
  <system-out/>
  <testcase classname="com.bhaane.base.BaseTest" name="setUp" time="8.139"/>
  <system-out/>
</testsuite> <!-- com.bhaane.base.BaseTest -->
