<?xml version="1.0" encoding="UTF-8"?>
<!-- Generated by org.testng.reporters.JUnitReportReporter -->
<testsuite hostname="MSI" failures="0" tests="2" name="com.bhaane.tests.SearchTest" time="10.671" errors="0" timestamp="2025-03-02T23:16:42 IST" skipped="0">
  <testcase classname="com.bhaane.tests.SearchTest" name="testInvalidSearchFunctionality" time="6.098"/>
  <system-out/>
  <testcase classname="com.bhaane.tests.SearchTest" name="testSearchFunctionality" time="4.573"/>
  <system-out/>
</testsuite> <!-- com.bhaane.tests.SearchTest -->
